<?xml version="1.0" encoding="UTF-8"?>
<!-- Generated by org.testng.reporters.JUnitXMLReporter -->
<testsuite ignored="4" hostname="SACHIN-LAPTOP" failures="0" tests="1" name="Sample test" time="0.175" errors="0" timestamp="2022-07-10T10:07:30 IST">
  <testcase classname="com.FacebookLive.SampleClass" name="testMethod4" time="0.032"/>
  <testcase classname="com.FacebookLive.SampleClass" name="testMethod1" time="0.0">
    <ignored/>
  </testcase> <!-- testMethod1 -->
  <testcase classname="com.FacebookLive.SampleClass" name="testMethod5" time="0.0">
    <ignored/>
  </testcase> <!-- testMethod5 -->
  <testcase classname="com.FacebookLive.SampleClass" name="testMethod3" time="0.0">
    <ignored/>
  </testcase> <!-- testMethod3 -->
  <testcase classname="com.FacebookLive.SampleClass" name="testMethod2" time="0.0">
    <ignored/>
  </testcase> <!-- testMethod2 -->
</testsuite> <!-- Sample test -->
