<?xml version="1.0" encoding="UTF-8"?>
<!-- Generated by org.testng.reporters.JUnitXMLReporter -->
<testsuite ignored="1" hostname="SACHIN-LAPTOP" failures="0" tests="1" name="HomePage" time="0.033" errors="0" timestamp="2022-10-18T21:13:37 IST">
  <testcase classname="astasoft.flipkart.TestClasses.Sample2" name="testMethod5" time="0.005"/>
  <testcase classname="astasoft.flipkart.TestClasses.Sample2" name="testMethod6" time="0.0">
    <ignored/>
  </testcase> <!-- testMethod6 -->
</testsuite> <!-- HomePage -->
