<?xml version="1.0" encoding="UTF-8"?>
<!-- Generated by org.testng.reporters.JUnitXMLReporter -->
<testsuite ignored="6" hostname="SACHIN-LAPTOP" failures="0" tests="3" name="LoginPageTest" time="0.176" errors="0" timestamp="2022-10-21T19:59:16 IST">
  <testcase classname="astasoft.flipkart.TestClasses.Sample" name="testMethodA" time="0.016"/>
  <testcase classname="astasoft.flipkart.TestClasses.Sample" name="testMethodB" time="0.005"/>
  <testcase classname="astasoft.flipkart.TestClasses.Sample" name="testMethodC" time="0.004"/>
  <testcase classname="astasoft.flipkart.TestClasses.Sample" name="testMethod1" time="0.0">
    <ignored/>
  </testcase> <!-- testMethod1 -->
  <testcase classname="astasoft.flipkart.TestClasses.Sample1" name="testMethod3" time="0.0">
    <ignored/>
  </testcase> <!-- testMethod3 -->
  <testcase classname="astasoft.flipkart.TestClasses.Sample" name="testMethod2" time="0.0">
    <ignored/>
  </testcase> <!-- testMethod2 -->
  <testcase classname="astasoft.flipkart.TestClasses.Sample1" name="testMethod4" time="0.0">
    <ignored/>
  </testcase> <!-- testMethod4 -->
  <testcase classname="astasoft.flipkart.TestClasses.Sample" name="testMethodX" time="0.0">
    <ignored/>
  </testcase> <!-- testMethodX -->
  <testcase classname="astasoft.flipkart.TestClasses.Sample" name="testMethodY" time="0.0">
    <ignored/>
  </testcase> <!-- testMethodY -->
</testsuite> <!-- LoginPageTest -->
