<?xml version="1.0" encoding="UTF-8"?>
<!-- Generated by org.testng.reporters.JUnitXMLReporter -->
<testsuite ignored="0" hostname="SACHIN-LAPTOP" failures="0" tests="3" name="SamplePageTest" time="23.492" errors="0" timestamp="2022-10-21T19:59:40 IST">
  <testcase classname="astasoft.flipkart.TestClasses.Sample4" name="testMethod14" time="0.029"/>
  <testcase classname="astasoft.flipkart.TestClasses.Sample4" name="testMethod13" time="6.746"/>
  <testcase classname="astasoft.flipkart.TestClasses.Sample4" name="testMethod12" time="23.388"/>
</testsuite> <!-- SamplePageTest -->
