<?xml version="1.0" encoding="UTF-8"?>
<!-- Generated by org.testng.reporters.JUnitXMLReporter -->
<testsuite ignored="0" hostname="SACHIN-LAPTOP" failures="2" tests="3" name="VerifyLoginPage" time="1.268" errors="0" timestamp="2022-11-20T13:36:05 IST">
  <testcase classname="astasoft.flipkart.TestClasses.Flipkart.LoginPageTest" name="verifyPasswordField" time="0.508">
    <failure type="java.lang.IllegalArgumentException" message="Keys to send should be a not null CharSequence">
      <![CDATA[java.lang.IllegalArgumentException: Keys to send should be a not null CharSequence
at org.openqa.selenium.remote.RemoteWebElement.sendKeys(RemoteWebElement.java:98)
at org.openqa.selenium.support.pagefactory.internal.LocatingElementHandler.invoke(LocatingElementHandler.java:52)
at com.sun.proxy.$Proxy19.sendKeys(Unknown Source)
at astasoft.flipkart.Utilities.CustomWaits.fluentSendKey(CustomWaits.java:15)
at astasoft.flipkart.PageClasses.LoginPage.enterPassowrd(LoginPage.java:37)
at astasoft.flipkart.TestClasses.Flipkart.LoginPageTest.verifyPasswordField(LoginPageTest.java:40)
at java.base/java.util.ArrayList.forEach(ArrayList.java:1541)
... Removed 31 stack frames]]>
    </failure>
  </testcase> <!-- verifyPasswordField -->
  <testcase classname="astasoft.flipkart.TestClasses.Flipkart.LoginPageTest" name="verifyUserIdField" time="0.152">
    <failure type="java.lang.IllegalArgumentException" message="Keys to send should be a not null CharSequence">
      <![CDATA[java.lang.IllegalArgumentException: Keys to send should be a not null CharSequence
at org.openqa.selenium.remote.RemoteWebElement.sendKeys(RemoteWebElement.java:98)
at org.openqa.selenium.support.pagefactory.internal.LocatingElementHandler.invoke(LocatingElementHandler.java:52)
at com.sun.proxy.$Proxy19.sendKeys(Unknown Source)
at astasoft.flipkart.Utilities.CustomWaits.fluentSendKey(CustomWaits.java:15)
at astasoft.flipkart.PageClasses.LoginPage.enterUserId(LoginPage.java:34)
at astasoft.flipkart.TestClasses.Flipkart.LoginPageTest.verifyUserIdField(LoginPageTest.java:32)
at java.base/java.util.ArrayList.forEach(ArrayList.java:1541)
... Removed 31 stack frames]]>
    </failure>
  </testcase> <!-- verifyUserIdField -->
  <testcase classname="astasoft.flipkart.TestClasses.Flipkart.LoginPageTest" name="verifyLoginButtonIsWorking" time="0.0">
    <skipped/>
  </testcase> <!-- verifyLoginButtonIsWorking -->
</testsuite> <!-- VerifyLoginPage -->
