<?xml version="1.0" encoding="UTF-8"?>
<!-- Generated by org.testng.reporters.JUnitXMLReporter -->
<testsuite ignored="1" hostname="SACHIN-LAPTOP" failures="0" tests="1" name="SampleTest" time="0.131" errors="0" timestamp="2022-07-09T21:55:39 IST">
  <testcase classname="com.FacebookLive.SampleClass" name="testMethod1" time="0.018"/>
  <testcase classname="com.FacebookLive.SampleClass" name="testMethod2" time="0.0">
    <ignored/>
  </testcase> <!-- testMethod2 -->
</testsuite> <!-- SampleTest -->
